<?xml version="1.0" encoding="UTF-8"?>
<testsuite xmlns:xsi="http://www.w3.org/2001/XMLSchema-instance" xsi:noNamespaceSchemaLocation="https://maven.apache.org/surefire/maven-surefire-plugin/xsd/surefire-test-report-3.0.xsd" version="3.0" name="com.logistics.routeoptimizer.DeliveryRouteOptimizerTest" time="0.062" tests="5" errors="0" skipped="0" failures="0">
  <properties>
[...]
</properties>
  <testcase name="testImpossibleDelivery" classname="com.logistics.routeoptimizer.DeliveryRouteOptimizerTest" time="0.024"/>
  <testcase name="testSimpleDeliveryRoute" classname="com.logistics.routeoptimizer.DeliveryRouteOptimizerTest" time="0.002"/>
  <testcase name="testEmptyOrders" classname="com.logistics.routeoptimizer.DeliveryRouteOptimizerTest" time="0.001"/>
  <testcase name="testInvalidStartLocation" classname="com.logistics.routeoptimizer.DeliveryRouteOptimizerTest" time="0.006"/>
  <testcase name="testInvalidOrderLocation" classname="com.logistics.routeoptimizer.DeliveryRouteOptimizerTest" time="0.006"/>
</testsuite>